#
# A fatal error has been detected by the Java Runtime Environment:
#
#  EXCEPTION_ACCESS_VIOLATION (0xc0000005) at pc=0x00007fff8c1549bf, pid=13068, tid=13192
#
# JRE version: Java(TM) SE Runtime Environment 18.9 (11.0.10+8) (build 11.0.10+8-LTS-162)
# Java VM: Java HotSpot(TM) 64-Bit Server VM 18.9 (11.0.10+8-LTS-162, mixed mode, tiered, compressed oops, parallel gc, windows-amd64)
# Problematic frame:
# V  [jvm.dll+0x3649bf]
#
# No core dump will be written. Minidumps are not enabled by default on client versions of Windows
#
# If you would like to submit a bug report, please visit:
#   https://bugreport.java.com/bugreport/crash.jsp
#

---------------  S U M M A R Y ------------

Command Line: --add-modules=ALL-SYSTEM --add-opens=java.base/java.util=ALL-UNNAMED --add-opens=java.base/java.lang=ALL-UNNAMED -Declipse.application=org.eclipse.jdt.ls.core.id1 -Dosgi.bundles.defaultStartLevel=4 -Declipse.product=org.eclipse.jdt.ls.core.product -Dfile.encoding=utf8 -DwatchParentProcess=false -XX:+UseParallelGC -XX:GCTimeRatio=4 -XX:AdaptiveSizePolicyWeight=90 -Dsun.zip.disableMemoryMapping=true -Xmx1G -Xms100m -javaagent:c:\Users\Gabriel\.vscode\extensions\gabrielbb.vscode-lombok-1.0.1\server\lombok.jar -Xverify:none c:\Users\Gabriel\.vscode\extensions\redhat.java-0.77.0\server\plugins\org.eclipse.equinox.launcher_1.6.100.v20201223-0822.jar -configuration c:\Users\Gabriel\AppData\Roaming\Code\User\globalStorage\redhat.java\0.77.0\config_ss_win -data c:\Users\Gabriel\AppData\Roaming\Code\User\workspaceStorage\48e23120d8ed2e37b56887ce0a278b40\redhat.java\ss_ws

Host: Intel(R) Core(TM) i5-9300H CPU @ 2.40GHz, 8 cores, 7G,  Windows 10 , 64 bit Build 19041 (10.0.19041.928)
Time: Mon Apr 19 21:18:29 2021 Hora oficial do Brasil elapsed time: 6.686394 seconds (0d 0h 0m 6s)

---------------  T H R E A D  ---------------

Current thread (0x0000019ce7132000):  JavaThread "pool-1-thread-1" [_thread_in_vm, id=13192, stack(0x0000008202300000,0x0000008202400000)]

Stack: [0x0000008202300000,0x0000008202400000],  sp=0x00000082023fcf90,  free space=1011k
Native frames: (J=compiled Java code, j=interpreted, Vv=VM code, C=native code)
V  [jvm.dll+0x3649bf]
C  0x0000019cd2a1d96d

Java frames: (J=compiled Java code, j=interpreted, Vv=VM code)
j  org.eclipse.jdt.internal.compiler.parser.Scanner.getNextToken0()I+93
j  org.eclipse.jdt.internal.compiler.parser.Scanner.getNextToken()I+47
j  org.eclipse.jdt.internal.compiler.parser.Parser.parse()V+332
j  org.eclipse.jdt.internal.compiler.parser.Parser.parse(Lorg/eclipse/jdt/internal/compiler/env/ICompilationUnit;Lorg/eclipse/jdt/internal/compiler/CompilationResult;II)Lorg/eclipse/jdt/internal/compiler/ast/CompilationUnitDeclaration;+178
j  org.eclipse.jdt.internal.compiler.parser.Parser.parse(Lorg/eclipse/jdt/internal/compiler/env/ICompilationUnit;Lorg/eclipse/jdt/internal/compiler/CompilationResult;)Lorg/eclipse/jdt/internal/compiler/ast/CompilationUnitDeclaration;+5
j  org.eclipse.jdt.internal.compiler.SourceElementParser.parseCompilationUnit(Lorg/eclipse/jdt/internal/compiler/env/ICompilationUnit;ZLorg/eclipse/core/runtime/IProgressMonitor;)Lorg/eclipse/jdt/internal/compiler/ast/CompilationUnitDeclaration;+53
j  org.eclipse.jdt.internal.core.CompilationUnit.buildStructure(Lorg/eclipse/jdt/internal/core/OpenableElementInfo;Lorg/eclipse/core/runtime/IProgressMonitor;Ljava/util/Map;Lorg/eclipse/core/resources/IResource;)Z+523
J 3158 c1 org.eclipse.jdt.internal.core.Openable.generateInfos(Ljava/lang/Object;Ljava/util/HashMap;Lorg/eclipse/core/runtime/IProgressMonitor;)V (281 bytes) @ 0x0000019cd35e61bc [0x0000019cd35e4ba0+0x000000000000161c]
J 3163 c1 org.eclipse.jdt.internal.core.JavaElement.openWhenClosed(Ljava/lang/Object;ZLorg/eclipse/core/runtime/IProgressMonitor;)Ljava/lang/Object; (169 bytes) @ 0x0000019cd35ecf74 [0x0000019cd35ec8c0+0x00000000000006b4]
j  org.eclipse.jdt.internal.core.BecomeWorkingCopyOperation.executeOperation()V+29
j  org.eclipse.jdt.internal.core.JavaModelOperation.run(Lorg/eclipse/core/runtime/IProgressMonitor;)V+55
j  org.eclipse.jdt.internal.core.JavaModelOperation.runOperation(Lorg/eclipse/core/runtime/IProgressMonitor;)V+32
j  org.eclipse.jdt.internal.core.CompilationUnit.becomeWorkingCopy(Lorg/eclipse/jdt/core/IProblemRequestor;Lorg/eclipse/core/runtime/IProgressMonitor;)V+37
j  org.eclipse.jdt.internal.core.CompilationUnit.becomeWorkingCopy(Lorg/eclipse/core/runtime/IProgressMonitor;)V+23
j  org.eclipse.jdt.ls.core.internal.handlers.BaseDocumentLifeCycleHandler.handleOpen(Lorg/eclipse/lsp4j/DidOpenTextDocumentParams;)Lorg/eclipse/jdt/core/ICompilationUnit;+144
j  org.eclipse.jdt.ls.core.internal.handlers.BaseDocumentLifeCycleHandler$5.run(Lorg/eclipse/core/runtime/IProgressMonitor;)V+8
j  org.eclipse.core.internal.resources.Workspace.run(Lorg/eclipse/core/runtime/ICoreRunnable;Lorg/eclipse/core/runtime/jobs/ISchedulingRule;ILorg/eclipse/core/runtime/IProgressMonitor;)V+69
j  org.eclipse.core.internal.resources.Workspace.run(Lorg/eclipse/core/resources/IWorkspaceRunnable;Lorg/eclipse/core/runtime/jobs/ISchedulingRule;ILorg/eclipse/core/runtime/IProgressMonitor;)V+6
j  org.eclipse.jdt.ls.core.internal.handlers.BaseDocumentLifeCycleHandler.didOpen(Lorg/eclipse/lsp4j/DidOpenTextDocumentParams;)V+32
j  org.eclipse.jdt.ls.core.internal.syntaxserver.SyntaxLanguageServer.didOpen(Lorg/eclipse/lsp4j/DidOpenTextDocumentParams;)V+11
v  ~StubRoutines::call_stub
j  jdk.internal.reflect.NativeMethodAccessorImpl.invoke0(Ljava/lang/reflect/Method;Ljava/lang/Object;[Ljava/lang/Object;)Ljava/lang/Object;+0 java.base@11.0.10
j  jdk.internal.reflect.NativeMethodAccessorImpl.invoke(Ljava/lang/Object;[Ljava/lang/Object;)Ljava/lang/Object;+100 java.base@11.0.10
J 1108 c1 jdk.internal.reflect.DelegatingMethodAccessorImpl.invoke(Ljava/lang/Object;[Ljava/lang/Object;)Ljava/lang/Object; java.base@11.0.10 (10 bytes) @ 0x0000019cd31743bc [0x0000019cd31742c0+0x00000000000000fc]
J 1107 c1 java.lang.reflect.Method.invoke(Ljava/lang/Object;[Ljava/lang/Object;)Ljava/lang/Object; java.base@11.0.10 (65 bytes) @ 0x0000019cd3173e2c [0x0000019cd3173b00+0x000000000000032c]
j  org.eclipse.lsp4j.jsonrpc.services.GenericEndpoint.lambda$null$0(Lorg/eclipse/lsp4j/jsonrpc/services/AnnotationUtil$MethodInfo;Ljava/lang/Object;Ljava/lang/Object;)Ljava/util/concurrent/CompletableFuture;+20
j  org.eclipse.lsp4j.jsonrpc.services.GenericEndpoint$$Lambda$127.apply(Ljava/lang/Object;)Ljava/lang/Object;+13
j  org.eclipse.lsp4j.jsonrpc.services.GenericEndpoint.notify(Ljava/lang/String;Ljava/lang/Object;)V+18
j  org.eclipse.lsp4j.jsonrpc.RemoteEndpoint.handleNotification(Lorg/eclipse/lsp4j/jsonrpc/messages/NotificationMessage;)V+20
j  org.eclipse.lsp4j.jsonrpc.RemoteEndpoint.consume(Lorg/eclipse/lsp4j/jsonrpc/messages/Message;)V+14
j  org.eclipse.lsp4j.jsonrpc.json.StreamMessageProducer.handleMessage(Ljava/io/InputStream;Lorg/eclipse/lsp4j/jsonrpc/json/StreamMessageProducer$Headers;)Z+99
j  org.eclipse.lsp4j.jsonrpc.json.StreamMessageProducer.listen(Lorg/eclipse/lsp4j/jsonrpc/MessageConsumer;)V+158
j  org.eclipse.lsp4j.jsonrpc.json.ConcurrentMessageProcessor.run()V+12
j  java.util.concurrent.Executors$RunnableAdapter.call()Ljava/lang/Object;+4 java.base@11.0.10
j  java.util.concurrent.FutureTask.run()V+39 java.base@11.0.10
j  java.util.concurrent.ThreadPoolExecutor.runWorker(Ljava/util/concurrent/ThreadPoolExecutor$Worker;)V+92 java.base@11.0.10
j  java.util.concurrent.ThreadPoolExecutor$Worker.run()V+5 java.base@11.0.10
j  java.lang.Thread.run()V+11 java.base@11.0.10
v  ~StubRoutines::call_stub

siginfo: EXCEPTION_ACCESS_VIOLATION (0xc0000005), reading address 0x00000000ed15787c


Register to memory mapping:

RIP=0x00007fff8c1549bf jvm.dll
RAX=0x000000000000000c is an unknown value
RBX=0x00000000000008e4 is an unknown value
RCX=0x00000082023fcfc0 is pointing into the stack for thread: 0x0000019ce7132000
RDX=0x00007fff8c6186f8 jvm.dll
RSP=0x00000082023fcf90 is pointing into the stack for thread: 0x0000019ce7132000
RBP=0x0000019ce7670130 points into unknown readable memory: 00 00 00 00 00 00 00 00
RSI=0x0000019ce767a040 points into unknown readable memory: 02 00 00 00 9c 01 00 00
RDI=0x0000019ce7132000 is a thread
R8 =0x00000000000008e4 is an unknown value
R9 =0x00000082023fcf00 is pointing into the stack for thread: 0x0000019ce7132000
R10=0x0 is NULL
R11=0x9a00000000000002 is an unknown value
R12=0x00000000ed157870 is an unallocated location in the heap
R13=0x00000000000003d8 is an unknown value
R14=0x0000019ce7670140 points into unknown readable memory: d4 bf 65 e6 9c 01 00 00
R15=0x0000019ce7670518 points into unknown readable memory: e2 ec fe 21 9c 09 00 88


Registers:
RAX=0x000000000000000c, RBX=0x00000000000008e4, RCX=0x00000082023fcfc0, RDX=0x00007fff8c6186f8
RSP=0x00000082023fcf90, RBP=0x0000019ce7670130, RSI=0x0000019ce767a040, RDI=0x0000019ce7132000
R8 =0x00000000000008e4, R9 =0x00000082023fcf00, R10=0x0000000000000000, R11=0x9a00000000000002
R12=0x00000000ed157870, R13=0x00000000000003d8, R14=0x0000019ce7670140, R15=0x0000019ce7670518
RIP=0x00007fff8c1549bf, EFLAGS=0x0000000000010202

Top of Stack: (sp=0x00000082023fcf90)
0x00000082023fcf90:   00000000000008e4 00000000000008e4
0x00000082023fcfa0:   000000000000000d 0000019ce7132000
0x00000082023fcfb0:   0000000000000001 00007fff8c3adf5a
0x00000082023fcfc0:   00007fff8c68c7b0 0000005000000000
0x00000082023fcfd0:   0000000000000000 0000000000000000
0x00000082023fcfe0:   0000000000000000 0000000000000000
0x00000082023fcff0:   0000000000000000 0000019ce768ef30
0x00000082023fd000:   0000000000000000 0000000000000100
0x00000082023fd010:   0000019ce97b6000 00000082023fd070
0x00000082023fd020:   0000019ce7132000 00000082023fd140
0x00000082023fd030:   0000019ce97b21f5 0000000000000000
0x00000082023fd040:   0000000000000004 0000019cd2a1d96d
0x00000082023fd050:   0000019ce7132000 00000000000008e4
0x00000082023fd060:   00000082023fd0c0 000000000000000d
0x00000082023fd070:   0000019cd2a1d911 00000082023fd078
0x00000082023fd080:   0000019ce97b21f5 00000082023fd140 

Instructions: (pc=0x00007fff8c1549bf)
0x00007fff8c15499f:   62 6c 00 00 48 8d 15 4e 3d 4c 00 b9 0c 00 00 00
0x00007fff8c1549af:   b8 10 00 00 00 0f 45 c1 44 8b c3 48 8d 4c 24 30
0x00007fff8c1549bf:   46 8b 0c 20 e8 88 15 2b 00 48 8b 1d 71 da 6f 00
0x00007fff8c1549cf:   48 8d 4c 24 30 e8 57 06 2b 00 4c 8b cb 48 89 44 


Stack slot to memory mapping:
stack at sp + 0 slots: 0x00000000000008e4 is an unknown value
stack at sp + 1 slots: 0x00000000000008e4 is an unknown value
stack at sp + 2 slots: 0x000000000000000d is an unknown value
stack at sp + 3 slots: 0x0000019ce7132000 is a thread
stack at sp + 4 slots: 0x0000000000000001 is an unknown value
stack at sp + 5 slots: 0x00007fff8c3adf5a jvm.dll
stack at sp + 6 slots: 0x00007fff8c68c7b0 jvm.dll
stack at sp + 7 slots: 0x0000005000000000 is an unknown value


---------------  P R O C E S S  ---------------

Threads class SMR info:
_java_thread_list=0x0000019ce7ac8bd0, length=20, elements={
0x0000019cca578800, 0x0000019ce43fa800, 0x0000019ce4405800, 0x0000019ce56a9800,
0x0000019ce56aa800, 0x0000019ce56b1000, 0x0000019ce565d800, 0x0000019ce5660000,
0x0000019ce5815000, 0x0000019ce6643800, 0x0000019ce6c0c800, 0x0000019ce6e81800,
0x0000019ce6afa000, 0x0000019ce6b5e000, 0x0000019ce6e7c800, 0x0000019ce751b000,
0x0000019ce75aa000, 0x0000019ce75ca800, 0x0000019ce7558000, 0x0000019ce7132000
}

Java Threads: ( => current thread )
  0x0000019cca578800 JavaThread "main" [_thread_blocked, id=1200, stack(0x0000008200500000,0x0000008200600000)]
  0x0000019ce43fa800 JavaThread "Reference Handler" daemon [_thread_blocked, id=10172, stack(0x0000008200800000,0x0000008200900000)]
  0x0000019ce4405800 JavaThread "Finalizer" daemon [_thread_blocked, id=1328, stack(0x0000008200900000,0x0000008200a00000)]
  0x0000019ce56a9800 JavaThread "Signal Dispatcher" daemon [_thread_blocked, id=15256, stack(0x0000008200a00000,0x0000008200b00000)]
  0x0000019ce56aa800 JavaThread "Attach Listener" daemon [_thread_blocked, id=7488, stack(0x0000008200b00000,0x0000008200c00000)]
  0x0000019ce56b1000 JavaThread "C2 CompilerThread0" daemon [_thread_blocked, id=5496, stack(0x0000008200c00000,0x0000008200d00000)]
  0x0000019ce565d800 JavaThread "C1 CompilerThread0" daemon [_thread_blocked, id=14248, stack(0x0000008200d00000,0x0000008200e00000)]
  0x0000019ce5660000 JavaThread "Sweeper thread" daemon [_thread_blocked, id=836, stack(0x0000008200e00000,0x0000008200f00000)]
  0x0000019ce5815000 JavaThread "Common-Cleaner" daemon [_thread_blocked, id=13204, stack(0x0000008200f00000,0x0000008201000000)]
  0x0000019ce6643800 JavaThread "Service Thread" daemon [_thread_blocked, id=1288, stack(0x0000008201100000,0x0000008201200000)]
  0x0000019ce6c0c800 JavaThread "Active Thread: Equinox Container: b49aad0f-0530-47b2-9b0d-edb1e8c0edbd" [_thread_blocked, id=12636, stack(0x0000008201300000,0x0000008201400000)]
  0x0000019ce6e81800 JavaThread "Framework Event Dispatcher: Equinox Container: b49aad0f-0530-47b2-9b0d-edb1e8c0edbd" daemon [_thread_blocked, id=11816, stack(0x0000008201500000,0x0000008201600000)]
  0x0000019ce6afa000 JavaThread "Start Level: Equinox Container: b49aad0f-0530-47b2-9b0d-edb1e8c0edbd" daemon [_thread_blocked, id=10132, stack(0x0000008201600000,0x0000008201700000)]
  0x0000019ce6b5e000 JavaThread "SCR Component Actor" daemon [_thread_blocked, id=14776, stack(0x0000008201900000,0x0000008201a00000)]
  0x0000019ce6e7c800 JavaThread "Timer-0" daemon [_thread_blocked, id=7292, stack(0x0000008201a00000,0x0000008201b00000)]
  0x0000019ce751b000 JavaThread "Worker-JM" [_thread_blocked, id=6240, stack(0x0000008201b00000,0x0000008201c00000)]
  0x0000019ce75aa000 JavaThread "Worker-0" [_thread_blocked, id=8312, stack(0x0000008201e00000,0x0000008201f00000)]
  0x0000019ce75ca800 JavaThread "Worker-1" [_thread_blocked, id=6092, stack(0x0000008201f00000,0x0000008202000000)]
  0x0000019ce7558000 JavaThread "C2 CompilerThread1" daemon [_thread_blocked, id=13380, stack(0x0000008202100000,0x0000008202200000)]
=>0x0000019ce7132000 JavaThread "pool-1-thread-1" [_thread_in_vm, id=13192, stack(0x0000008202300000,0x0000008202400000)]

Other Threads:
  0x0000019ce43f6000 VMThread "VM Thread" [stack: 0x0000008200700000,0x0000008200800000] [id=6988]
  0x0000019ce6645000 WatcherThread [stack: 0x0000008201200000,0x0000008201300000] [id=6232]
  0x0000019cca58e000 GCTaskThread "ParGC Thread#0" [stack: 0x0000008200600000,0x0000008200700000] [id=13404]
  0x0000019ce6c12800 GCTaskThread "ParGC Thread#1" [stack: 0x0000008201400000,0x0000008201500000] [id=2100]
  0x0000019ce6d10000 GCTaskThread "ParGC Thread#2" [stack: 0x0000008201700000,0x0000008201800000] [id=8196]
  0x0000019ce6d10800 GCTaskThread "ParGC Thread#3" [stack: 0x0000008201800000,0x0000008201900000] [id=15164]
  0x0000019ce77b3000 GCTaskThread "ParGC Thread#4" [stack: 0x0000008201c00000,0x0000008201d00000] [id=7088]
  0x0000019ce6f1a800 GCTaskThread "ParGC Thread#5" [stack: 0x0000008201d00000,0x0000008201e00000] [id=3440]
  0x0000019ce7587800 GCTaskThread "ParGC Thread#6" [stack: 0x0000008201000000,0x0000008201100000] [id=5908]
  0x0000019ce72b2800 GCTaskThread "ParGC Thread#7" [stack: 0x0000008202000000,0x0000008202100000] [id=14444]

Threads with active compile tasks:

VM state:not at safepoint (normal execution)

VM Mutex/Monitor currently owned by a thread: None

Heap address: 0x00000000c0000000, size: 1024 MB, Compressed Oops mode: 32-bit
Narrow klass base: 0x0000000000000000, Narrow klass shift: 3
Compressed class space size: 1073741824 Address: 0x0000000100000000

Heap:
 PSYoungGen      total 27648K, used 0K [0x00000000eab00000, 0x00000000ecf80000, 0x0000000100000000)
  eden space 20992K, 0% used [0x00000000eab00000,0x00000000eab00000,0x00000000ebf80000)
  from space 6656K, 0% used [0x00000000ec500000,0x00000000ec500000,0x00000000ecb80000)
  to   space 2560K, 0% used [0x00000000ecd00000,0x00000000ecd00000,0x00000000ecf80000)
 ParOldGen       total 68608K, used 24438K [0x00000000c0000000, 0x00000000c4300000, 0x00000000eab00000)
  object space 68608K, 35% used [0x00000000c0000000,0x00000000c17ddae0,0x00000000c4300000)
 Metaspace       used 33555K, capacity 35452K, committed 35584K, reserved 1081344K
  class space    used 3138K, capacity 3776K, committed 3840K, reserved 1048576K

Card table byte_map: [0x0000019cc9f70000,0x0000019cca180000] _byte_map_base: 0x0000019cc9970000

Marking Bits: (ParMarkBitMap*) 0x00007fff8c833590
 Begin Bits: [0x0000019ce1a10000, 0x0000019ce2a10000)
 End Bits:   [0x0000019ce2a10000, 0x0000019ce3a10000)

Polling page: 0x0000019cc9d60000

Metaspace:

Usage:
  Non-class:     30.93 MB capacity,    29.70 MB ( 96%) used,     1.16 MB (  4%) free+waste,    66.31 KB ( <1%) overhead. 
      Class:      3.69 MB capacity,     3.06 MB ( 83%) used,   606.52 KB ( 16%) free+waste,    30.94 KB ( <1%) overhead. 
       Both:     34.62 MB capacity,    32.77 MB ( 95%) used,     1.76 MB (  5%) free+waste,    97.25 KB ( <1%) overhead. 

Virtual space:
  Non-class space:       32.00 MB reserved,      31.00 MB ( 97%) committed 
      Class space:        1.00 GB reserved,       3.75 MB ( <1%) committed 
             Both:        1.03 GB reserved,      34.75 MB (  3%) committed 

Chunk freelists:
   Non-Class:  512 bytes
       Class:  0 bytes
        Both:  512 bytes

CodeHeap 'non-profiled nmethods': size=120000Kb used=1817Kb max_used=1817Kb free=118182Kb
 bounds [0x0000019cda4e0000, 0x0000019cda750000, 0x0000019ce1a10000]
CodeHeap 'profiled nmethods': size=120000Kb used=7309Kb max_used=7309Kb free=112690Kb
 bounds [0x0000019cd2fb0000, 0x0000019cd36e0000, 0x0000019cda4e0000]
CodeHeap 'non-nmethods': size=5760Kb used=1187Kb max_used=1228Kb free=4572Kb
 bounds [0x0000019cd2a10000, 0x0000019cd2c80000, 0x0000019cd2fb0000]
 total_blobs=3887 nmethods=3344 adapters=456
 compilation: enabled
              stopped_count=0, restarted_count=0
 full_count=0

Compilation events (10 events):
Event: 6.326 Thread 0x0000019ce565d800 nmethod 3343 0x0000019cd3689d10 code [0x0000019cd3689ec0, 0x0000019cd368a058]
Event: 6.332 Thread 0x0000019ce565d800 3344       3       org.eclipse.jdt.internal.compiler.parser.Parser::tAction (35 bytes)
Event: 6.332 Thread 0x0000019ce565d800 nmethod 3344 0x0000019cd368a110 code [0x0000019cd368a2c0, 0x0000019cd368a498]
Event: 6.335 Thread 0x0000019ce565d800 3345       3       org.eclipse.jdt.internal.compiler.parser.Parser::actFromTokenOrSynthetic (9 bytes)
Event: 6.336 Thread 0x0000019ce565d800 nmethod 3345 0x0000019cd368a610 code [0x0000019cd368a7c0, 0x0000019cd368aa18]
Event: 6.343 Thread 0x0000019ce565d800 3346       3       org.eclipse.jdt.internal.compiler.parser.Parser::ntAction (8 bytes)
Event: 6.343 Thread 0x0000019ce565d800 nmethod 3346 0x0000019cd368ab90 code [0x0000019cd368ad40, 0x0000019cd368ae58]
Event: 6.343 Thread 0x0000019ce565d800 3347       3       org.eclipse.jdt.internal.compiler.parser.Scanner::getCurrentIdentifierSource (142 bytes)
Event: 6.343 Thread 0x0000019ce565d800 nmethod 3347 0x0000019cd368af10 code [0x0000019cd368b140, 0x0000019cd368b7f8]
Event: 6.344 Thread 0x0000019ce565d800 3348       3       org.eclipse.jdt.internal.compiler.parser.Parser::consumeRule (7627 bytes)

GC Heap History (10 events):
Event: 5.359 GC heap before
{Heap before GC invocations=13 (full 1):
 PSYoungGen      total 24576K, used 24320K [0x00000000eab00000, 0x00000000ec680000, 0x0000000100000000)
  eden space 22016K, 100% used [0x00000000eab00000,0x00000000ec080000,0x00000000ec080000)
  from space 2560K, 90% used [0x00000000ec200000,0x00000000ec440010,0x00000000ec480000)
  to   space 2048K, 0% used [0x00000000ec480000,0x00000000ec480000,0x00000000ec680000)
 ParOldGen       total 68608K, used 15933K [0x00000000c0000000, 0x00000000c4300000, 0x00000000eab00000)
  object space 68608K, 23% used [0x00000000c0000000,0x00000000c0f8f628,0x00000000c4300000)
 Metaspace       used 31172K, capacity 32993K, committed 33152K, reserved 1079296K
  class space    used 2985K, capacity 3639K, committed 3712K, reserved 1048576K
}
Event: 5.387 GC heap after
{Heap after GC invocations=13 (full 1):
 PSYoungGen      total 23040K, used 2016K [0x00000000eab00000, 0x00000000eca80000, 0x0000000100000000)
  eden space 20992K, 0% used [0x00000000eab00000,0x00000000eab00000,0x00000000ebf80000)
  from space 2048K, 98% used [0x00000000ec480000,0x00000000ec678010,0x00000000ec680000)
  to   space 5120K, 0% used [0x00000000ebf80000,0x00000000ebf80000,0x00000000ec480000)
 ParOldGen       total 68608K, used 18281K [0x00000000c0000000, 0x00000000c4300000, 0x00000000eab00000)
  object space 68608K, 26% used [0x00000000c0000000,0x00000000c11da430,0x00000000c4300000)
 Metaspace       used 31172K, capacity 32993K, committed 33152K, reserved 1079296K
  class space    used 2985K, capacity 3639K, committed 3712K, reserved 1048576K
}
Event: 5.467 GC heap before
{Heap before GC invocations=14 (full 1):
 PSYoungGen      total 23040K, used 23008K [0x00000000eab00000, 0x00000000eca80000, 0x0000000100000000)
  eden space 20992K, 100% used [0x00000000eab00000,0x00000000ebf80000,0x00000000ebf80000)
  from space 2048K, 98% used [0x00000000ec480000,0x00000000ec678010,0x00000000ec680000)
  to   space 5120K, 0% used [0x00000000ebf80000,0x00000000ebf80000,0x00000000ec480000)
 ParOldGen       total 68608K, used 18281K [0x00000000c0000000, 0x00000000c4300000, 0x00000000eab00000)
  object space 68608K, 26% used [0x00000000c0000000,0x00000000c11da430,0x00000000c4300000)
 Metaspace       used 31172K, capacity 32993K, committed 33152K, reserved 1079296K
  class space    used 2985K, capacity 3639K, committed 3712K, reserved 1048576K
}
Event: 5.518 GC heap after
{Heap after GC invocations=14 (full 1):
 PSYoungGen      total 26112K, used 1824K [0x00000000eab00000, 0x00000000ed200000, 0x0000000100000000)
  eden space 20992K, 0% used [0x00000000eab00000,0x00000000eab00000,0x00000000ebf80000)
  from space 5120K, 35% used [0x00000000ebf80000,0x00000000ec148000,0x00000000ec480000)
  to   space 3072K, 0% used [0x00000000ecf00000,0x00000000ecf00000,0x00000000ed200000)
 ParOldGen       total 68608K, used 20321K [0x00000000c0000000, 0x00000000c4300000, 0x00000000eab00000)
  object space 68608K, 29% used [0x00000000c0000000,0x00000000c13d8440,0x00000000c4300000)
 Metaspace       used 31172K, capacity 32993K, committed 33152K, reserved 1079296K
  class space    used 2985K, capacity 3639K, committed 3712K, reserved 1048576K
}
Event: 5.994 GC heap before
{Heap before GC invocations=15 (full 1):
 PSYoungGen      total 26112K, used 22815K [0x00000000eab00000, 0x00000000ed200000, 0x0000000100000000)
  eden space 20992K, 99% used [0x00000000eab00000,0x00000000ebf7fff8,0x00000000ebf80000)
  from space 5120K, 35% used [0x00000000ebf80000,0x00000000ec148000,0x00000000ec480000)
  to   space 3072K, 0% used [0x00000000ecf00000,0x00000000ecf00000,0x00000000ed200000)
 ParOldGen       total 68608K, used 20321K [0x00000000c0000000, 0x00000000c4300000, 0x00000000eab00000)
  object space 68608K, 29% used [0x00000000c0000000,0x00000000c13d8440,0x00000000c4300000)
 Metaspace       used 31734K, capacity 33628K, committed 33664K, reserved 1079296K
  class space    used 3023K, capacity 3680K, committed 3712K, reserved 1048576K
}
Event: 6.018 GC heap after
{Heap after GC invocations=15 (full 1):
 PSYoungGen      total 24064K, used 3048K [0x00000000eab00000, 0x00000000ed200000, 0x0000000100000000)
  eden space 20992K, 0% used [0x00000000eab00000,0x00000000eab00000,0x00000000ebf80000)
  from space 3072K, 99% used [0x00000000ecf00000,0x00000000ed1fa3c0,0x00000000ed200000)
  to   space 6656K, 0% used [0x00000000ec500000,0x00000000ec500000,0x00000000ecb80000)
 ParOldGen       total 68608K, used 22970K [0x00000000c0000000, 0x00000000c4300000, 0x00000000eab00000)
  object space 68608K, 33% used [0x00000000c0000000,0x00000000c166e830,0x00000000c4300000)
 Metaspace       used 31734K, capacity 33628K, committed 33664K, reserved 1079296K
  class space    used 3023K, capacity 3680K, committed 3712K, reserved 1048576K
}
Event: 6.353 GC heap before
{Heap before GC invocations=16 (full 1):
 PSYoungGen      total 24064K, used 20200K [0x00000000eab00000, 0x00000000ed200000, 0x0000000100000000)
  eden space 20992K, 81% used [0x00000000eab00000,0x00000000ebbbfce0,0x00000000ebf80000)
  from space 3072K, 99% used [0x00000000ecf00000,0x00000000ed1fa3c0,0x00000000ed200000)
  to   space 6656K, 0% used [0x00000000ec500000,0x00000000ec500000,0x00000000ecb80000)
 ParOldGen       total 68608K, used 22970K [0x00000000c0000000, 0x00000000c4300000, 0x00000000eab00000)
  object space 68608K, 33% used [0x00000000c0000000,0x00000000c166e830,0x00000000c4300000)
 Metaspace       used 33400K, capacity 35260K, committed 35328K, reserved 1081344K
  class space    used 3138K, capacity 3776K, committed 3840K, reserved 1048576K
}
Event: 6.422 GC heap after
{Heap after GC invocations=16 (full 1):
 PSYoungGen      total 27648K, used 564K [0x00000000eab00000, 0x00000000ecf80000, 0x0000000100000000)
  eden space 20992K, 0% used [0x00000000eab00000,0x00000000eab00000,0x00000000ebf80000)
  from space 6656K, 8% used [0x00000000ec500000,0x00000000ec58d320,0x00000000ecb80000)
  to   space 2560K, 0% used [0x00000000ecd00000,0x00000000ecd00000,0x00000000ecf80000)
 ParOldGen       total 68608K, used 25491K [0x00000000c0000000, 0x00000000c4300000, 0x00000000eab00000)
  object space 68608K, 37% used [0x00000000c0000000,0x00000000c18e4c78,0x00000000c4300000)
 Metaspace       used 33400K, capacity 35260K, committed 35328K, reserved 1081344K
  class space    used 3138K, capacity 3776K, committed 3840K, reserved 1048576K
}
Event: 6.422 GC heap before
{Heap before GC invocations=17 (full 2):
 PSYoungGen      total 27648K, used 564K [0x00000000eab00000, 0x00000000ecf80000, 0x0000000100000000)
  eden space 20992K, 0% used [0x00000000eab00000,0x00000000eab00000,0x00000000ebf80000)
  from space 6656K, 8% used [0x00000000ec500000,0x00000000ec58d320,0x00000000ecb80000)
  to   space 2560K, 0% used [0x00000000ecd00000,0x00000000ecd00000,0x00000000ecf80000)
 ParOldGen       total 68608K, used 25491K [0x00000000c0000000, 0x00000000c4300000, 0x00000000eab00000)
  object space 68608K, 37% used [0x00000000c0000000,0x00000000c18e4c78,0x00000000c4300000)
 Metaspace       used 33400K, capacity 35260K, committed 35328K, reserved 1081344K
  class space    used 3138K, capacity 3776K, committed 3840K, reserved 1048576K
}
Event: 6.620 GC heap after
{Heap after GC invocations=17 (full 2):
 PSYoungGen      total 27648K, used 0K [0x00000000eab00000, 0x00000000ecf80000, 0x0000000100000000)
  eden space 20992K, 0% used [0x00000000eab00000,0x00000000eab00000,0x00000000ebf80000)
  from space 6656K, 0% used [0x00000000ec500000,0x00000000ec500000,0x00000000ecb80000)
  to   space 2560K, 0% used [0x00000000ecd00000,0x00000000ecd00000,0x00000000ecf80000)
 ParOldGen       total 68608K, used 24438K [0x00000000c0000000, 0x00000000c4300000, 0x00000000eab00000)
  object space 68608K, 35% used [0x00000000c0000000,0x00000000c17ddae0,0x00000000c4300000)
 Metaspace       used 33400K, capacity 35260K, committed 35328K, reserved 1081344K
  class space    used 3138K, capacity 3776K, committed 3840K, reserved 1048576K
}

Deoptimization events (10 events):
Event: 5.803 Thread 0x0000019ce7132000 Uncommon trap: reason=profile_predicate action=maybe_recompile pc=0x0000019cda5d437c method=java.util.TreeMap.getEntryUsingComparator(Ljava/lang/Object;)Ljava/util/TreeMap$Entry; @ 19 c2
Event: 5.803 Thread 0x0000019ce7132000 Uncommon trap: reason=profile_predicate action=maybe_recompile pc=0x0000019cda5d437c method=java.util.TreeMap.getEntryUsingComparator(Ljava/lang/Object;)Ljava/util/TreeMap$Entry; @ 19 c2
Event: 5.803 Thread 0x0000019ce7132000 Uncommon trap: reason=profile_predicate action=maybe_recompile pc=0x0000019cda5d437c method=java.util.TreeMap.getEntryUsingComparator(Ljava/lang/Object;)Ljava/util/TreeMap$Entry; @ 19 c2
Event: 5.814 Thread 0x0000019ce7132000 Uncommon trap: reason=unstable_if action=reinterpret pc=0x0000019cda527ed0 method=java.util.HashMap$HashIterator.<init>(Ljava/util/HashMap;)V @ 45 c2
Event: 5.921 Thread 0x0000019ce7132000 Uncommon trap: reason=bimorphic_or_optimized_type_check action=maybe_recompile pc=0x0000019cda5e93ec method=java.io.DataOutputStream.write([BII)V @ 7 c2
Event: 5.921 Thread 0x0000019ce7132000 Uncommon trap: reason=bimorphic_or_optimized_type_check action=maybe_recompile pc=0x0000019cda67d610 method=java.io.DataOutputStream.writeShort(I)V @ 12 c2
Event: 5.921 Thread 0x0000019ce7132000 Uncommon trap: reason=bimorphic_or_optimized_type_check action=maybe_recompile pc=0x0000019cda5e93ec method=java.io.DataOutputStream.write([BII)V @ 7 c2
Event: 5.921 Thread 0x0000019ce7132000 Uncommon trap: reason=bimorphic_or_optimized_type_check action=maybe_recompile pc=0x0000019cda5e93ec method=java.io.DataOutputStream.write([BII)V @ 7 c2
Event: 5.921 Thread 0x0000019ce7132000 Uncommon trap: reason=bimorphic_or_optimized_type_check action=maybe_recompile pc=0x0000019cda5e93ec method=java.io.DataOutputStream.write([BII)V @ 7 c2
Event: 6.252 Thread 0x0000019ce7132000 Uncommon trap: reason=unstable_if action=reinterpret pc=0x0000019cda695c8c method=org.objectweb.asm.Label.resolve([BI)Z @ 80 c2

Classes redefined (0 events):
No events

Internal exceptions (10 events):
Event: 3.274 Thread 0x0000019ce6afa000 Exception <a 'java/lang/ClassNotFoundException'{0x00000000eac95fe8}: com/sun/org/apache/xerces/internal/impl/msg/spi/DOMMessagesProvider> (0x00000000eac95fe8) thrown at [./open/src/hotspot/share/classfile/systemDictionary.cpp, line 228]
Event: 3.279 Thread 0x0000019ce6afa000 Exception <a 'java/lang/ClassNotFoundException'{0x00000000eacc1718}: com/sun/org/apache/xerces/internal/impl/msg/spi/XMLSerializerMessagesProvider> (0x00000000eacc1718) thrown at [./open/src/hotspot/share/classfile/systemDictionary.cpp, line 228]
Event: 3.280 Thread 0x0000019ce6afa000 Exception <a 'java/lang/ClassNotFoundException'{0x00000000eacccc18}: com/sun/org/apache/xerces/internal/impl/msg/spi/XMLMessagesProvider> (0x00000000eacccc18) thrown at [./open/src/hotspot/share/classfile/systemDictionary.cpp, line 228]
Event: 3.877 Thread 0x0000019ce6afa000 Exception <a 'java/lang/ClassNotFoundException'{0x00000000eb127180}: com/sun/org/apache/xml/internal/serializer/spi/XMLEntitiesProvider> (0x00000000eb127180) thrown at [./open/src/hotspot/share/classfile/systemDictionary.cpp, line 228]
Event: 4.042 Thread 0x0000019cca578800 Exception <a 'java/lang/NoSuchMethodError'{0x00000000eb8061e0}: java.lang.invoke.DirectMethodHandle$Holder.invokeStatic(Ljava/lang/Object;Ljava/lang/Object;Ljava/lang/Object;Ljava/lang/Object;)V> (0x00000000eb8061e0) thrown at [./open/src/hotspot/share/in
Event: 4.287 Thread 0x0000019ce7132000 Exception <a 'java/io/FileNotFoundException'{0x00000000ead1ecd0}> (0x00000000ead1ecd0) thrown at [./open/src/hotspot/share/prims/jni.cpp, line 611]
Event: 4.752 Thread 0x0000019ce75ca800 Exception <a 'java/io/FileNotFoundException'{0x00000000eb2b3bb0}> (0x00000000eb2b3bb0) thrown at [./open/src/hotspot/share/prims/jni.cpp, line 611]
Event: 4.753 Thread 0x0000019ce75ca800 Exception <a 'java/io/FileNotFoundException'{0x00000000eb2b5798}> (0x00000000eb2b5798) thrown at [./open/src/hotspot/share/prims/jni.cpp, line 611]
Event: 4.754 Thread 0x0000019ce75ca800 Exception <a 'java/lang/NoSuchMethodError'{0x00000000eb2c9068}: java.lang.invoke.DirectMethodHandle$Holder.invokeStaticInit(Ljava/lang/Object;Ljava/lang/Object;Ljava/lang/Object;)V> (0x00000000eb2c9068) thrown at [./open/src/hotspot/share/interpreter/link
Event: 5.790 Thread 0x0000019ce7132000 Exception <a 'java/lang/NoSuchMethodError'{0x00000000ebba5ec8}: java.lang.invoke.DirectMethodHandle$Holder.invokeInterface(Ljava/lang/Object;Ljava/lang/Object;Ljava/lang/Object;)Ljava/lang/Object;> (0x00000000ebba5ec8) thrown at [./open/src/hotspot/share/

Events (10 events):
Event: 6.172 Thread 0x0000019ce7132000 DEOPT UNPACKING pc=0x0000019cd2a36ece sp=0x00000082023fbac8 mode 0
Event: 6.173 Thread 0x0000019ce7132000 DEOPT PACKING pc=0x0000019cd33dd456 sp=0x00000082023fc5d0
Event: 6.174 Thread 0x0000019ce7132000 DEOPT UNPACKING pc=0x0000019cd2a36ece sp=0x00000082023fbac8 mode 0
Event: 6.252 Thread 0x0000019ce7132000 Uncommon trap: trap_request=0xffffff4d fr.pc=0x0000019cda695c8c relative=0x00000000000002ec
Event: 6.252 Thread 0x0000019ce7132000 DEOPT PACKING pc=0x0000019cda695c8c sp=0x00000082023fa1c0
Event: 6.252 Thread 0x0000019ce7132000 DEOPT UNPACKING pc=0x0000019cd2a370af sp=0x00000082023fa0c0 mode 2
Event: 6.318 Executing VM operation: Deoptimize
Event: 6.319 Executing VM operation: Deoptimize done
Event: 6.353 Executing VM operation: CollectForMetadataAllocation
Event: 6.620 Executing VM operation: CollectForMetadataAllocation done


Dynamic libraries:
0x00007ff726980000 - 0x00007ff72698f000 	C:\Program Files\Java\jdk-11.0.10\bin\java.exe
0x00007ffff80d0000 - 0x00007ffff82c5000 	C:\Windows\SYSTEM32\ntdll.dll
0x00007ffff7540000 - 0x00007ffff75fd000 	C:\Windows\System32\KERNEL32.DLL
0x00007ffff5ba0000 - 0x00007ffff5e68000 	C:\Windows\System32\KERNELBASE.dll
0x00007ffff5e70000 - 0x00007ffff5f70000 	C:\Windows\System32\ucrtbase.dll
0x00007fffed7a0000 - 0x00007fffed7b5000 	C:\Program Files\Java\jdk-11.0.10\bin\VCRUNTIME140.dll
0x00007fffe6060000 - 0x00007fffe6078000 	C:\Program Files\Java\jdk-11.0.10\bin\jli.dll
0x00007ffff7890000 - 0x00007ffff793c000 	C:\Windows\System32\ADVAPI32.dll
0x00007ffff72d0000 - 0x00007ffff736e000 	C:\Windows\System32\msvcrt.dll
0x00007ffff6b50000 - 0x00007ffff6beb000 	C:\Windows\System32\sechost.dll
0x00007ffff6bf0000 - 0x00007ffff6d1b000 	C:\Windows\System32\RPCRT4.dll
0x00007ffff73a0000 - 0x00007ffff7540000 	C:\Windows\System32\USER32.dll
0x00007fffdf0e0000 - 0x00007fffdf37a000 	C:\Windows\WinSxS\amd64_microsoft.windows.common-controls_6595b64144ccf1df_6.0.19041.844_none_ca00b6081b84eb1d\COMCTL32.dll
0x00007ffff5810000 - 0x00007ffff5832000 	C:\Windows\System32\win32u.dll
0x00007ffff6d20000 - 0x00007ffff6d4a000 	C:\Windows\System32\GDI32.dll
0x00007ffff5f70000 - 0x00007ffff607b000 	C:\Windows\System32\gdi32full.dll
0x00007ffff5890000 - 0x00007ffff592d000 	C:\Windows\System32\msvcp_win.dll
0x00007fffee170000 - 0x00007fffee17a000 	C:\Windows\SYSTEM32\VERSION.dll
0x00007ffff7370000 - 0x00007ffff73a0000 	C:\Windows\System32\IMM32.DLL
0x00007fffdedf0000 - 0x00007fffdee8b000 	C:\Program Files\Java\jdk-11.0.10\bin\msvcp140.dll
0x00007fff8bdf0000 - 0x00007fff8c8eb000 	C:\Program Files\Java\jdk-11.0.10\bin\server\jvm.dll
0x00007ffff71c0000 - 0x00007ffff71c8000 	C:\Windows\System32\PSAPI.DLL
0x00007fffef9a0000 - 0x00007fffef9a9000 	C:\Windows\SYSTEM32\WSOCK32.dll
0x00007fffddc40000 - 0x00007fffddc67000 	C:\Windows\SYSTEM32\WINMM.dll
0x00007ffff7260000 - 0x00007ffff72cb000 	C:\Windows\System32\WS2_32.dll
0x00007ffff3710000 - 0x00007ffff3722000 	C:\Windows\SYSTEM32\kernel.appcore.dll
0x00007fffedef0000 - 0x00007fffedf00000 	C:\Program Files\Java\jdk-11.0.10\bin\verify.dll
0x00007fffd1a00000 - 0x00007fffd1be4000 	C:\Windows\SYSTEM32\DBGHELP.DLL
0x00007fffd24d0000 - 0x00007fffd24fc000 	C:\Windows\SYSTEM32\dbgcore.DLL
0x00007ffff60b0000 - 0x00007ffff6130000 	C:\Windows\System32\bcryptPrimitives.dll
0x00007fffe4680000 - 0x00007fffe46a8000 	C:\Program Files\Java\jdk-11.0.10\bin\java.dll
0x00007fffed4f0000 - 0x00007fffed4fa000 	C:\Program Files\Java\jdk-11.0.10\bin\jimage.dll
0x00007fffed370000 - 0x00007fffed37e000 	C:\Program Files\Java\jdk-11.0.10\bin\instrument.dll
0x00007fffe4be0000 - 0x00007fffe4bf6000 	C:\Program Files\Java\jdk-11.0.10\bin\zip.dll
0x00007ffff7940000 - 0x00007ffff8082000 	C:\Windows\System32\SHELL32.dll
0x00007ffff3910000 - 0x00007ffff40a1000 	C:\Windows\SYSTEM32\windows.storage.dll
0x00007ffff6e60000 - 0x00007ffff71b5000 	C:\Windows\System32\combase.dll
0x00007ffff51b0000 - 0x00007ffff51dc000 	C:\Windows\SYSTEM32\Wldp.dll
0x00007ffff6130000 - 0x00007ffff61de000 	C:\Windows\System32\SHCORE.dll
0x00007ffff6e00000 - 0x00007ffff6e55000 	C:\Windows\System32\shlwapi.dll
0x00007ffff5750000 - 0x00007ffff576f000 	C:\Windows\SYSTEM32\profapi.dll
0x00007fffe4660000 - 0x00007fffe4679000 	C:\Program Files\Java\jdk-11.0.10\bin\net.dll
0x00007fffedac0000 - 0x00007fffedbcb000 	C:\Windows\SYSTEM32\WINHTTP.dll
0x00007ffff4f90000 - 0x00007ffff4ffa000 	C:\Windows\system32\mswsock.dll
0x00007fffe4600000 - 0x00007fffe4612000 	C:\Program Files\Java\jdk-11.0.10\bin\nio.dll
0x00007ffff51f0000 - 0x00007ffff5208000 	C:\Windows\SYSTEM32\CRYPTSP.dll
0x00007ffff48e0000 - 0x00007ffff4914000 	C:\Windows\system32\rsaenh.dll
0x00007ffff6080000 - 0x00007ffff60a7000 	C:\Windows\System32\bcrypt.dll
0x00007ffff5710000 - 0x00007ffff573e000 	C:\Windows\SYSTEM32\USERENV.dll
0x00007ffff5110000 - 0x00007ffff511c000 	C:\Windows\SYSTEM32\CRYPTBASE.dll
0x00007ffff4c50000 - 0x00007ffff4c8b000 	C:\Windows\SYSTEM32\IPHLPAPI.DLL
0x00007ffff71d0000 - 0x00007ffff71d8000 	C:\Windows\System32\NSI.dll
0x00007fffedd50000 - 0x00007fffedd67000 	C:\Windows\SYSTEM32\dhcpcsvc6.DLL
0x00007fffedd30000 - 0x00007fffedd4d000 	C:\Windows\SYSTEM32\dhcpcsvc.DLL
0x00007ffff4ca0000 - 0x00007ffff4d6c000 	C:\Windows\SYSTEM32\DNSAPI.dll
0x00007fffe1650000 - 0x00007fffe1679000 	C:\Users\Gabriel\AppData\Roaming\Code\User\globalStorage\redhat.java\0.77.0\config_ss_win\org.eclipse.equinox.launcher\org.eclipse.equinox.launcher.win32.win32.x86_64_1.2.100.v20210209-1541\eclipse_11301.dll

dbghelp: loaded successfully - version: 4.0.5 - missing functions: none
symbol engine: initialized successfully - sym options: 0x614 - pdb path: .;C:\Program Files\Java\jdk-11.0.10\bin;C:\Windows\SYSTEM32;C:\Windows\WinSxS\amd64_microsoft.windows.common-controls_6595b64144ccf1df_6.0.19041.844_none_ca00b6081b84eb1d;C:\Program Files\Java\jdk-11.0.10\bin\server;C:\Users\Gabriel\AppData\Roaming\Code\User\globalStorage\redhat.java\0.77.0\config_ss_win\org.eclipse.equinox.launcher\org.eclipse.equinox.launcher.win32.win32.x86_64_1.2.100.v20210209-1541

VM Arguments:
jvm_args: --add-modules=ALL-SYSTEM --add-opens=java.base/java.util=ALL-UNNAMED --add-opens=java.base/java.lang=ALL-UNNAMED -Declipse.application=org.eclipse.jdt.ls.core.id1 -Dosgi.bundles.defaultStartLevel=4 -Declipse.product=org.eclipse.jdt.ls.core.product -Dfile.encoding=utf8 -DwatchParentProcess=false -XX:+UseParallelGC -XX:GCTimeRatio=4 -XX:AdaptiveSizePolicyWeight=90 -Dsun.zip.disableMemoryMapping=true -Xmx1G -Xms100m -javaagent:c:\Users\Gabriel\.vscode\extensions\gabrielbb.vscode-lombok-1.0.1\server\lombok.jar -Xverify:none 
java_command: c:\Users\Gabriel\.vscode\extensions\redhat.java-0.77.0\server\plugins\org.eclipse.equinox.launcher_1.6.100.v20201223-0822.jar -configuration c:\Users\Gabriel\AppData\Roaming\Code\User\globalStorage\redhat.java\0.77.0\config_ss_win -data c:\Users\Gabriel\AppData\Roaming\Code\User\workspaceStorage\48e23120d8ed2e37b56887ce0a278b40\redhat.java\ss_ws
java_class_path (initial): c:\Users\Gabriel\.vscode\extensions\redhat.java-0.77.0\server\plugins\org.eclipse.equinox.launcher_1.6.100.v20201223-0822.jar
Launcher Type: SUN_STANDARD

[Global flags]
    uintx AdaptiveSizePolicyWeight                 = 90                                        {product} {command line}
     bool BytecodeVerificationLocal                = false                                     {product} {command line}
     bool BytecodeVerificationRemote               = false                                     {product} {command line}
     intx CICompilerCount                          = 4                                         {product} {ergonomic}
    uintx GCTimeRatio                              = 4                                         {product} {command line}
   size_t InitialHeapSize                          = 104857600                                 {product} {command line}
   size_t MaxHeapSize                              = 1073741824                                {product} {command line}
   size_t MaxNewSize                               = 357564416                                 {product} {ergonomic}
   size_t MinHeapDeltaBytes                        = 524288                                    {product} {ergonomic}
   size_t NewSize                                  = 34603008                                  {product} {ergonomic}
    uintx NonNMethodCodeHeapSize                   = 5836300                                {pd product} {ergonomic}
    uintx NonProfiledCodeHeapSize                  = 122910970                              {pd product} {ergonomic}
   size_t OldSize                                  = 70254592                                  {product} {ergonomic}
    uintx ProfiledCodeHeapSize                     = 122910970                              {pd product} {ergonomic}
    uintx ReservedCodeCacheSize                    = 251658240                              {pd product} {ergonomic}
     bool SegmentedCodeCache                       = true                                      {product} {ergonomic}
     bool UseCompressedClassPointers               = true                                 {lp64_product} {ergonomic}
     bool UseCompressedOops                        = true                                 {lp64_product} {ergonomic}
     bool UseLargePagesIndividualAllocation        = false                                  {pd product} {ergonomic}
     bool UseParallelGC                            = true                                      {product} {command line}

Logging:
Log output configuration:
 #0: stdout all=warning uptime,level,tags
 #1: stderr all=off uptime,level,tags

Environment Variables:
JAVA_HOME=C:\Program Files\Java\jdk-11.0.10
PATH=C:\Program Files\Common Files\Oracle\Java\javapath;C:\Windows\system32;C:\Windows;C:\Windows\System32\Wbem;C:\Windows\System32\WindowsPowerShell\v1.0\;C:\Windows\System32\OpenSSH\;C:\Program Files\NVIDIA Corporation\NVIDIA NvDLISR;C:\Program Files (x86)\NVIDIA Corporation\PhysX\Common;C:\Program Files\Git\cmd;C:\Program Files\nodejs\;C:\Program Files\Java\jdk-11.0.10\bin;C:\apache-maven-3.6.3\bin;;C:\Program Files\Docker\Docker\resources\bin;C:\ProgramData\DockerDesktop\version-bin;C:\Users\Gabriel\AppData\Local\Microsoft\WindowsApps;C:\Users\Gabriel\AppData\Local\GitHubDesktop\bin;C:\Users\Gabriel\AppData\Roaming\npm;C:\Users\Gabriel\AppData\Local\Programs\Microsoft VS Code\bin;C:\Program Files\heroku\bin
USERNAME=Gabriel
OS=Windows_NT
PROCESSOR_IDENTIFIER=Intel64 Family 6 Model 158 Stepping 10, GenuineIntel



---------------  S Y S T E M  ---------------

OS: Windows 10 , 64 bit Build 19041 (10.0.19041.928)
Hyper-V role detected

CPU:total 8 (initial active 8) (4 cores per cpu, 2 threads per core) family 6 model 158 stepping 10 microcode 0xde, cmov, cx8, fxsr, mmx, sse, sse2, sse3, ssse3, sse4.1, sse4.2, popcnt, avx, avx2, aes, clmul, erms, 3dnowpref, lzcnt, ht, tsc, tscinvbit, bmi1, bmi2, adx, fma

Memory: 4k page, system-wide physical 8029M (1526M free)
TotalPageFile size 16221M (AvailPageFile size 6524M)
current process WorkingSet (physical memory assigned to process): 159M, peak: 163M
current process commit charge ("private bytes"): 261M, peak: 265M

vm_info: Java HotSpot(TM) 64-Bit Server VM (11.0.10+8-LTS-162) for windows-amd64 JRE (11.0.10+8-LTS-162), built on Dec  8 2020 16:32:57 by "mach5one" with MS VC++ 15.9 (VS2017)

END.
